<?xml version="1.0" encoding="utf-8"?><testsuites name="pytest tests"><testsuite name="pytest" errors="0" failures="0" skipped="0" tests="115" time="29.962" timestamp="2026-04-24T08:57:19.834807-04:00" hostname="BIG-ONE"><testcase classname="tests.golden.test_golden.TestGoldenCase1" name="test_clinical_record_is_active_tier" time="0.157" /><testcase classname="tests.golden.test_golden.TestGoldenCase1" name="test_clinical_record_trust_level" time="0.001" /><testcase classname="tests.golden.test_golden.TestGoldenCase1" name="test_clinical_record_not_hypothesis" time="0.001" /><testcase classname="tests.golden.test_golden.TestGoldenCase1" name="test_clinical_record_has_content" time="0.001" /><testcase classname="tests.golden.test_golden.TestGoldenCase1" name="test_medication_requires_ddi_check" time="0.001" /><testcase classname="tests.golden.test_golden.TestGoldenCase2" name="test_clinical_supremacy_rule" time="0.001" /><testcase classname="tests.golden.test_golden.TestGoldenCase2" name="test_clinical_beats_ai_explanation" time="0.001" /><testcase classname="tests.golden.test_golden.TestGoldenCase2" name="test_recency_rule_newer_wins" time="0.001" /><testcase classname="tests.golden.test_golden.TestGoldenCase3" name="test_ddi_block_sets_correct_status" time="0.003" /><testcase classname="tests.golden.test_golden.TestGoldenCase4" name="test_ai_derived_record_is_hypothesis" time="0.001" /><testcase classname="tests.golden.test_golden.TestGoldenCase4" name="test_ai_derived_trust_level" time="0.001" /><testcase classname="tests.golden.test_golden.TestGoldenCase4" name="test_hypothesis_not_active" time="0.001" /><testcase classname="tests.golden.test_golden.TestGoldenCase4" name="test_ai_record_tagged_correctly" time="0.001" /><testcase classname="tests.golden.test_golden.TestGoldenCase5" name="test_system_state_safe_mode" time="0.000" /><testcase classname="tests.golden.test_golden.TestGoldenCase5" name="test_safe_mode_response_has_prefix" time="0.000" /><testcase classname="tests.golden.test_golden.TestGoldenCase5" name="test_extractor_marks_unavailable" time="0.001" /><testcase classname="tests.golden.test_golden.TestGoldenCase6" name="test_discard_threshold" time="0.000" /><testcase classname="tests.golden.test_golden.TestGoldenCase6" name="test_scored_response_discarded_when_low" time="0.001" /><testcase classname="tests.golden.test_golden.TestGoldenCase6" name="test_confidence_band_mapping" time="0.000" /><testcase classname="tests.golden.test_golden.TestGoldenCase7" name="test_pii_stripper_removes_person" time="1.956" /><testcase classname="tests.golden.test_golden.TestGoldenCase7" name="test_pii_stripper_removes_dates" time="1.342" /><testcase classname="tests.golden.test_golden.TestGoldenCase7" name="test_pii_verify_clean" time="1.397" /><testcase classname="tests.golden.test_golden.TestGoldenCase8" name="test_trust_hierarchy_clinical_wins" time="0.001" /><testcase classname="tests.golden.test_golden.TestGoldenCase8" name="test_clinical_replaces_ai_when_new" time="0.001" /><testcase classname="tests.golden.test_golden.TestGoldenCase8" name="test_medication_conflict_quarantines_both" time="0.001" /><testcase classname="tests.test_connector_orchestration" name="test_normal_routing_uses_spacy_for_simple_text" time="0.007" /><testcase classname="tests.test_connector_orchestration" name="test_gemini_failure_falls_back_to_phi3" time="0.005" /><testcase classname="tests.test_connector_orchestration" name="test_timeout_handling_uses_fallback" time="0.006" /><testcase classname="tests.test_connector_orchestration" name="test_route_vs_actual_mismatch_is_audited" time="0.005" /><testcase classname="tests.test_connector_orchestration" name="test_cost_based_routing_prefers_cheapest_eligible_connector" time="0.005" /><testcase classname="tests.test_connector_orchestration" name="test_confidence_based_override_prefers_gemini_when_phi3_is_too_weak" time="0.006" /><testcase classname="tests.test_connector_orchestration" name="test_latency_based_fallback_moves_off_slow_connector" time="0.005" /><testcase classname="tests.test_connector_orchestration" name="test_reliability_based_avoidance_skips_unreliable_gemini" time="0.005" /><testcase classname="tests.test_consensus_layer" name="test_consensus_merge_full_agreement" time="0.001" /><testcase classname="tests.test_consensus_layer" name="test_consensus_partial_disagreement_routes_to_review" time="0.005" /><testcase classname="tests.test_consensus_layer" name="test_consensus_conflicting_outputs_are_rejected" time="0.004" /><testcase classname="tests.test_controlled_enrichment" name="test_enrichment_creates_new_records" time="0.005" /><testcase classname="tests.test_controlled_enrichment" name="test_enrichment_never_overwrites_existing" time="0.005" /><testcase classname="tests.test_controlled_enrichment" name="test_all_enrichment_outputs_are_hypothesis" time="0.005" /><testcase classname="tests.test_controlled_enrichment" name="test_enrichment_medication_respects_safety_gate" time="0.006" /><testcase classname="tests.test_edge_cases" name="test_exact_duplicate_same_day" time="0.001" /><testcase classname="tests.test_edge_cases" name="test_exact_duplicate_outside_window" time="0.001" /><testcase classname="tests.test_edge_cases" name="test_semantic_deduplication_htn_alias" time="0.000" /><testcase classname="tests.test_edge_cases" name="test_semantic_dedup_dm_alias" time="0.000" /><testcase classname="tests.test_edge_cases" name="test_semantic_dedup_mi_alias" time="0.001" /><testcase classname="tests.test_edge_cases" name="test_semantic_dedup_differs_on_type" time="0.000" /><testcase classname="tests.test_edge_cases" name="test_timeseries_detection_hba1c" time="0.001" /><testcase classname="tests.test_edge_cases" name="test_timeseries_detection_weight" time="0.001" /><testcase classname="tests.test_edge_cases" name="test_conflict_detection_implausible_weight" time="0.001" /><testcase classname="tests.test_edge_cases" name="test_conflict_detection_same_day_bp" time="0.001" /><testcase classname="tests.test_edge_cases" name="test_conflict_detection_type_mismatch" time="0.000" /><testcase classname="tests.test_edge_cases" name="test_conflict_detection_drug_interaction" time="0.000" /><testcase classname="tests.test_edge_cases" name="test_conflict_detection_temporal_impossibility" time="0.001" /><testcase classname="tests.test_edge_cases" name="test_is_implausible_change_hba1c" time="0.000" /><testcase classname="tests.test_edge_cases" name="test_is_plausible_change_hba1c" time="0.001" /><testcase classname="tests.test_edge_cases" name="test_deduplicate_returns_insert_for_empty" time="0.001" /><testcase classname="tests.test_edge_cases" name="test_deduplicate_exact_returns_merge" time="0.001" /><testcase classname="tests.test_edge_cases" name="test_deduplicate_conflict_returns_quarantine" time="0.001" /><testcase classname="tests.test_edge_cases" name="test_quarantine_stores_conflict" time="0.041" /><testcase classname="tests.test_edge_cases" name="test_quarantine_severity_validation" time="0.030" /><testcase classname="tests.test_edge_cases" name="test_resolve_conflict_choose_fact1" time="0.041" /><testcase classname="tests.test_edge_cases" name="test_resolve_conflict_invalid_choice" time="0.038" /><testcase classname="tests.test_edge_cases" name="test_list_pending_ordered_by_severity" time="0.053" /><testcase classname="tests.test_edge_cases" name="test_count_pending" time="0.037" /><testcase classname="tests.test_edge_cases" name="test_ocr_error_detection_number_letter_confusion" time="0.001" /><testcase classname="tests.test_edge_cases" name="test_ocr_clean_text_high_confidence" time="0.002" /><testcase classname="tests.test_edge_cases" name="test_ocr_missing_spaces" time="0.001" /><testcase classname="tests.test_edge_cases" name="test_ocr_special_chars" time="0.001" /><testcase classname="tests.test_edge_cases" name="test_ocr_empty_text" time="0.000" /><testcase classname="tests.test_edge_cases" name="test_negation_detection" time="0.006" /><testcase classname="tests.test_edge_cases" name="test_family_history_detection" time="0.001" /><testcase classname="tests.test_edge_cases" name="test_certainty_assessment" time="0.001" /><testcase classname="tests.test_edge_cases" name="test_unit_normalization" time="0.000" /><testcase classname="tests.test_edge_cases" name="test_temporal_extraction" time="0.000" /><testcase classname="tests.test_edge_cases" name="test_migration_applies_to_fresh_db" time="0.205" /><testcase classname="tests.test_edge_cases" name="test_migration_is_idempotent" time="0.201" /><testcase classname="tests.test_edge_cases" name="test_migration_dry_run_does_not_modify" time="0.009" /><testcase classname="tests.test_edge_cases" name="test_migration_backfills_v1_records" time="0.221" /><testcase classname="tests.test_edge_cases" name="test_classifier_clinical_note_active_tier" time="0.001" /><testcase classname="tests.test_edge_cases" name="test_classifier_lab_report" time="0.001" /><testcase classname="tests.test_edge_cases" name="test_classifier_food_guide_hypothesis_tier" time="0.001" /><testcase classname="tests.test_edge_cases" name="test_classifier_ai_response_forces_hypothesis" time="0.001" /><testcase classname="tests.test_edge_cases" name="test_classifier_generic_fallback" time="0.001" /><testcase classname="tests.test_edge_cases" name="test_classifier_ocr_below_threshold_quarantines" time="0.001" /><testcase classname="tests.test_edge_cases" name="test_classifier_explicit_trust_override" time="0.001" /><testcase classname="tests.test_hypothesis_promotion" name="test_promotion_when_corroborated" time="0.008" /><testcase classname="tests.test_hypothesis_promotion" name="test_no_promotion_when_single_source" time="0.006" /><testcase classname="tests.test_hypothesis_promotion" name="test_promotion_respects_conflict_rules" time="0.001" /><testcase classname="tests.test_hypothesis_promotion" name="test_promotion_respects_safety_gate" time="0.001" /><testcase classname="tests.test_medication_safety_gate" name="test_non_medication_bypass" time="0.006" /><testcase classname="tests.test_medication_safety_gate" name="test_medication_clear_allowed" time="0.005" /><testcase classname="tests.test_medication_safety_gate" name="test_low_interaction_allowed_with_note" time="0.005" /><testcase classname="tests.test_medication_safety_gate" name="test_medium_interaction_routes_to_review" time="0.006" /><testcase classname="tests.test_medication_safety_gate" name="test_high_interaction_blocked" time="0.006" /><testcase classname="tests.test_medication_safety_gate" name="test_unavailable_ddi_routes_pending_check" time="0.005" /><testcase classname="tests.test_observability" name="test_audit_records_and_metrics_cover_all_stages" time="0.007" /><testcase classname="tests.test_phase10_hardening" name="test_phase10_audit_fields_present_for_fallback_execution" time="0.005" /><testcase classname="tests.test_phase10_hardening" name="test_phase10_empty_extraction_is_rejected" time="0.005" /><testcase classname="tests.test_phase10_hardening" name="test_phase10_confidence_bands_cover_reject_review_and_auto_accept" time="0.001" /><testcase classname="tests.test_phase10_hardening" name="test_phase10_route_mismatch_is_rejected_and_audited" time="0.005" /><testcase classname="tests.test_phase10_hardening" name="test_phase10_claude_unavailable_legacy_flag_forces_rules_fallback" time="0.001" /><testcase classname="tests.test_phase10_hardening" name="test_phase10_ocr_failure_is_detected" time="0.001" /><testcase classname="tests.test_phase10_hardening" name="test_phase10_corrupt_pdf_returns_no_records" time="0.003" /><testcase classname="tests.test_phase10_hardening" name="test_phase10_quality_gate_certifies_threshold_behavior" time="0.001" /><testcase classname="tests.test_phase2_validation" name="test_valid_spacy_extraction_is_accepted" time="0.006" /><testcase classname="tests.test_phase2_validation" name="test_valid_gemini_extraction_is_accepted" time="0.005" /><testcase classname="tests.test_phase2_validation" name="test_missing_required_fields_are_rejected" time="0.005" /><testcase classname="tests.test_phase2_validation" name="test_low_confidence_routes_to_needs_review" time="0.007" /><testcase classname="tests.test_phase2_validation" name="test_gemini_fallback_violation_is_rejected" time="0.005" /><testcase classname="tests.test_phase2_validation" name="test_malformed_extraction_payload_is_rejected" time="0.004" /><testcase classname="tests.test_phase2_validation" name="test_review_queue_and_metrics_capture_phase2_statuses" time="0.011" /><testcase classname="tests.test_truth_resolution_pipeline" name="test_identical_entities_merge_without_review" time="0.005" /><testcase classname="tests.test_truth_resolution_pipeline" name="test_conflicting_entities_replace_with_new_without_review" time="0.006" /><testcase classname="tests.test_truth_resolution_pipeline" name="test_keep_existing_conflict_does_not_enter_review" time="0.005" /><testcase classname="tests.test_truth_resolution_pipeline" name="test_quarantine_case_enters_review_queue" time="0.007" /></testsuite></testsuites>