<?xml version="1.0" encoding="utf-8"?><testsuites name="pytest tests"><testsuite name="pytest" errors="0" failures="0" skipped="0" tests="232" time="54.906" timestamp="2026-04-25T23:31:05.043240-04:00" hostname="BIG-ONE"><testcase classname="tests.golden.test_golden.TestGoldenCase1" name="test_clinical_record_is_active_tier" time="0.156" /><testcase classname="tests.golden.test_golden.TestGoldenCase1" name="test_clinical_record_trust_level" time="0.001" /><testcase classname="tests.golden.test_golden.TestGoldenCase1" name="test_clinical_record_not_hypothesis" time="0.001" /><testcase classname="tests.golden.test_golden.TestGoldenCase1" name="test_clinical_record_has_content" time="0.001" /><testcase classname="tests.golden.test_golden.TestGoldenCase1" name="test_medication_requires_ddi_check" time="0.001" /><testcase classname="tests.golden.test_golden.TestGoldenCase2" name="test_clinical_supremacy_rule" time="0.001" /><testcase classname="tests.golden.test_golden.TestGoldenCase2" name="test_clinical_beats_ai_explanation" time="0.001" /><testcase classname="tests.golden.test_golden.TestGoldenCase2" name="test_recency_rule_newer_wins" time="0.001" /><testcase classname="tests.golden.test_golden.TestGoldenCase3" name="test_ddi_block_sets_correct_status" time="0.003" /><testcase classname="tests.golden.test_golden.TestGoldenCase4" name="test_ai_derived_record_is_hypothesis" time="0.001" /><testcase classname="tests.golden.test_golden.TestGoldenCase4" name="test_ai_derived_trust_level" time="0.001" /><testcase classname="tests.golden.test_golden.TestGoldenCase4" name="test_hypothesis_not_active" time="0.001" /><testcase classname="tests.golden.test_golden.TestGoldenCase4" name="test_ai_record_tagged_correctly" time="0.001" /><testcase classname="tests.golden.test_golden.TestGoldenCase5" name="test_system_state_safe_mode" time="0.001" /><testcase classname="tests.golden.test_golden.TestGoldenCase5" name="test_safe_mode_response_has_prefix" time="0.000" /><testcase classname="tests.golden.test_golden.TestGoldenCase5" name="test_extractor_marks_unavailable" time="0.001" /><testcase classname="tests.golden.test_golden.TestGoldenCase6" name="test_discard_threshold" time="0.000" /><testcase classname="tests.golden.test_golden.TestGoldenCase6" name="test_scored_response_discarded_when_low" time="0.002" /><testcase classname="tests.golden.test_golden.TestGoldenCase6" name="test_confidence_band_mapping" time="0.000" /><testcase classname="tests.golden.test_golden.TestGoldenCase7" name="test_pii_stripper_removes_person" time="1.604" /><testcase classname="tests.golden.test_golden.TestGoldenCase7" name="test_pii_stripper_removes_dates" time="1.629" /><testcase classname="tests.golden.test_golden.TestGoldenCase7" name="test_pii_verify_clean" time="1.262" /><testcase classname="tests.golden.test_golden.TestGoldenCase8" name="test_trust_hierarchy_clinical_wins" time="0.001" /><testcase classname="tests.golden.test_golden.TestGoldenCase8" name="test_clinical_replaces_ai_when_new" time="0.001" /><testcase classname="tests.golden.test_golden.TestGoldenCase8" name="test_medication_conflict_quarantines_both" time="0.001" /><testcase classname="tests.test_connector_orchestration" name="test_normal_routing_uses_spacy_for_simple_text" time="0.009" /><testcase classname="tests.test_connector_orchestration" name="test_gemini_failure_falls_back_to_phi3" time="0.008" /><testcase classname="tests.test_connector_orchestration" name="test_timeout_handling_uses_fallback" time="0.008" /><testcase classname="tests.test_connector_orchestration" name="test_route_vs_actual_mismatch_is_audited" time="0.007" /><testcase classname="tests.test_connector_orchestration" name="test_cost_based_routing_prefers_cheapest_eligible_connector" time="0.008" /><testcase classname="tests.test_connector_orchestration" name="test_confidence_based_override_prefers_gemini_when_phi3_is_too_weak" time="0.007" /><testcase classname="tests.test_connector_orchestration" name="test_latency_based_fallback_moves_off_slow_connector" time="0.006" /><testcase classname="tests.test_connector_orchestration" name="test_reliability_based_avoidance_skips_unreliable_gemini" time="0.008" /><testcase classname="tests.test_consensus_layer" name="test_consensus_merge_full_agreement" time="0.001" /><testcase classname="tests.test_consensus_layer" name="test_consensus_partial_disagreement_routes_to_review" time="0.008" /><testcase classname="tests.test_consensus_layer" name="test_consensus_conflicting_outputs_are_rejected" time="0.006" /><testcase classname="tests.test_consensus_layer" name="test_fallback_consensus_uses_terminal_connector_only" time="0.007" /><testcase classname="tests.test_controlled_enrichment" name="test_enrichment_creates_new_records" time="0.007" /><testcase classname="tests.test_controlled_enrichment" name="test_enrichment_never_overwrites_existing" time="0.006" /><testcase classname="tests.test_controlled_enrichment" name="test_all_enrichment_outputs_are_hypothesis" time="0.006" /><testcase classname="tests.test_controlled_enrichment" name="test_enrichment_medication_respects_safety_gate" time="0.007" /><testcase classname="tests.test_edge_cases" name="test_exact_duplicate_same_day" time="0.001" /><testcase classname="tests.test_edge_cases" name="test_exact_duplicate_outside_window" time="0.001" /><testcase classname="tests.test_edge_cases" name="test_semantic_deduplication_htn_alias" time="0.000" /><testcase classname="tests.test_edge_cases" name="test_semantic_dedup_dm_alias" time="0.000" /><testcase classname="tests.test_edge_cases" name="test_semantic_dedup_mi_alias" time="0.000" /><testcase classname="tests.test_edge_cases" name="test_semantic_dedup_differs_on_type" time="0.000" /><testcase classname="tests.test_edge_cases" name="test_timeseries_detection_hba1c" time="0.001" /><testcase classname="tests.test_edge_cases" name="test_timeseries_detection_weight" time="0.000" /><testcase classname="tests.test_edge_cases" name="test_conflict_detection_implausible_weight" time="0.001" /><testcase classname="tests.test_edge_cases" name="test_conflict_detection_same_day_bp" time="0.001" /><testcase classname="tests.test_edge_cases" name="test_conflict_detection_type_mismatch" time="0.001" /><testcase classname="tests.test_edge_cases" name="test_conflict_detection_drug_interaction" time="0.001" /><testcase classname="tests.test_edge_cases" name="test_conflict_detection_temporal_impossibility" time="0.001" /><testcase classname="tests.test_edge_cases" name="test_is_implausible_change_hba1c" time="0.001" /><testcase classname="tests.test_edge_cases" name="test_is_plausible_change_hba1c" time="0.001" /><testcase classname="tests.test_edge_cases" name="test_deduplicate_returns_insert_for_empty" time="0.001" /><testcase classname="tests.test_edge_cases" name="test_deduplicate_exact_returns_merge" time="0.001" /><testcase classname="tests.test_edge_cases" name="test_deduplicate_conflict_returns_quarantine" time="0.001" /><testcase classname="tests.test_edge_cases" name="test_quarantine_stores_conflict" time="0.036" /><testcase classname="tests.test_edge_cases" name="test_quarantine_severity_validation" time="0.028" /><testcase classname="tests.test_edge_cases" name="test_resolve_conflict_choose_fact1" time="0.042" /><testcase classname="tests.test_edge_cases" name="test_resolve_conflict_invalid_choice" time="0.033" /><testcase classname="tests.test_edge_cases" name="test_list_pending_ordered_by_severity" time="0.042" /><testcase classname="tests.test_edge_cases" name="test_count_pending" time="0.034" /><testcase classname="tests.test_edge_cases" name="test_ocr_error_detection_number_letter_confusion" time="0.001" /><testcase classname="tests.test_edge_cases" name="test_ocr_clean_text_high_confidence" time="0.001" /><testcase classname="tests.test_edge_cases" name="test_ocr_missing_spaces" time="0.001" /><testcase classname="tests.test_edge_cases" name="test_ocr_special_chars" time="0.001" /><testcase classname="tests.test_edge_cases" name="test_ocr_empty_text" time="0.000" /><testcase classname="tests.test_edge_cases" name="test_negation_detection" time="0.005" /><testcase classname="tests.test_edge_cases" name="test_family_history_detection" time="0.001" /><testcase classname="tests.test_edge_cases" name="test_certainty_assessment" time="0.001" /><testcase classname="tests.test_edge_cases" name="test_unit_normalization" time="0.000" /><testcase classname="tests.test_edge_cases" name="test_temporal_extraction" time="0.000" /><testcase classname="tests.test_edge_cases" name="test_migration_applies_to_fresh_db" time="0.192" /><testcase classname="tests.test_edge_cases" name="test_migration_is_idempotent" time="0.199" /><testcase classname="tests.test_edge_cases" name="test_migration_dry_run_does_not_modify" time="0.010" /><testcase classname="tests.test_edge_cases" name="test_migration_backfills_v1_records" time="0.186" /><testcase classname="tests.test_edge_cases" name="test_classifier_clinical_note_active_tier" time="0.001" /><testcase classname="tests.test_edge_cases" name="test_classifier_lab_report" time="0.001" /><testcase classname="tests.test_edge_cases" name="test_classifier_food_guide_hypothesis_tier" time="0.001" /><testcase classname="tests.test_edge_cases" name="test_classifier_ai_response_forces_hypothesis" time="0.001" /><testcase classname="tests.test_edge_cases" name="test_classifier_generic_fallback" time="0.001" /><testcase classname="tests.test_edge_cases" name="test_classifier_ocr_below_threshold_quarantines" time="0.001" /><testcase classname="tests.test_edge_cases" name="test_classifier_explicit_trust_override" time="0.001" /><testcase classname="tests.test_hypothesis_promotion" name="test_promotion_when_corroborated" time="0.007" /><testcase classname="tests.test_hypothesis_promotion" name="test_no_promotion_when_single_source" time="0.007" /><testcase classname="tests.test_hypothesis_promotion" name="test_promotion_respects_conflict_rules" time="0.001" /><testcase classname="tests.test_hypothesis_promotion" name="test_promotion_respects_safety_gate" time="0.001" /><testcase classname="tests.test_medication_safety_gate" name="test_non_medication_bypass" time="0.007" /><testcase classname="tests.test_medication_safety_gate" name="test_medication_clear_allowed" time="0.006" /><testcase classname="tests.test_medication_safety_gate" name="test_low_interaction_allowed_with_note" time="0.006" /><testcase classname="tests.test_medication_safety_gate" name="test_medium_interaction_routes_to_review" time="0.007" /><testcase classname="tests.test_medication_safety_gate" name="test_high_interaction_blocked" time="0.008" /><testcase classname="tests.test_medication_safety_gate" name="test_unavailable_ddi_routes_pending_check" time="0.007" /><testcase classname="tests.test_observability" name="test_audit_records_and_metrics_cover_all_stages" time="0.008" /><testcase classname="tests.test_phase10_hardening" name="test_phase10_audit_fields_present_for_fallback_execution" time="0.008" /><testcase classname="tests.test_phase10_hardening" name="test_phase10_empty_extraction_is_rejected" time="0.006" /><testcase classname="tests.test_phase10_hardening" name="test_phase10_confidence_bands_cover_reject_review_acceptable_and_high" time="0.000" /><testcase classname="tests.test_phase10_hardening" name="test_phase10_route_mismatch_is_rejected_and_audited" time="0.007" /><testcase classname="tests.test_phase10_hardening" name="test_phase10_claude_unavailable_legacy_flag_forces_rules_fallback" time="0.001" /><testcase classname="tests.test_phase10_hardening" name="test_phase10_ocr_failure_is_detected" time="0.001" /><testcase classname="tests.test_phase10_hardening" name="test_phase10_corrupt_pdf_returns_no_records" time="0.003" /><testcase classname="tests.test_phase10_hardening" name="test_phase10_quality_gate_certifies_threshold_behavior" time="0.001" /><testcase classname="tests.test_phase11_governance" name="test_trust_level_1_beats_ai_derived_fact" time="0.000" /><testcase classname="tests.test_phase11_governance" name="test_peer_reviewed_trust_level_2_beats_ai_derived_fact" time="0.000" /><testcase classname="tests.test_phase11_governance" name="test_same_trust_newer_fact_wins_when_over_90_days" time="0.000" /><testcase classname="tests.test_phase11_governance" name="test_multi_source_fact_can_replace_weaker_single_source_fact" time="0.000" /><testcase classname="tests.test_phase11_governance" name="test_numeric_range_merge_works" time="0.000" /><testcase classname="tests.test_phase11_governance" name="test_medication_dose_conflict_quarantines_both" time="0.001" /><testcase classname="tests.test_phase11_governance" name="test_unresolvable_conflict_quarantines_candidate" time="0.000" /><testcase classname="tests.test_phase11_governance" name="test_ai_derived_fact_enters_hypothesis_tier_only" time="0.000" /><testcase classname="tests.test_phase11_governance" name="test_hypothesis_is_excluded_from_active_context_retrieval" time="0.000" /><testcase classname="tests.test_phase11_governance" name="test_hypothesis_activation_routes_ai_fact_into_hypothesis_tier" time="0.008" /><testcase classname="tests.test_phase11_governance" name="test_hypothesis_activation_keeps_active_document_facts_active" time="0.007" /><testcase classname="tests.test_phase11_governance" name="test_truth_resolution_activation_routes_conflicts_through_pipeline" time="0.007" /><testcase classname="tests.test_phase11_governance" name="test_truth_resolution_activation_unresolved_conflict_quarantines_candidate" time="0.001" /><testcase classname="tests.test_phase11_governance" name="test_truth_resolution_activation_medication_dose_conflict_quarantines_both" time="0.001" /><testcase classname="tests.test_phase11_governance" name="test_truth_resolution_activation_requires_no_destructive_migration" time="0.002" /><testcase classname="tests.test_phase11_governance" name="test_decision_scoring_activation_calculates_deterministic_score" time="0.001" /><testcase classname="tests.test_phase11_governance" name="test_decision_scoring_low_score_is_flagged_but_does_not_crash_pipeline" time="0.007" /><testcase classname="tests.test_phase11_governance" name="test_decision_scoring_ddi_safety_score_participates_in_final_score" time="0.001" /><testcase classname="tests.test_phase11_governance" name="test_decision_scoring_uses_no_real_external_apis" time="0.001" /><testcase classname="tests.test_phase11_governance" name="test_feature_flags_disabled_preserve_phase10_behavior" time="0.008" /><testcase classname="tests.test_phase12_real_world_validation" name="test_build_phase12_summary_aggregates_documents" time="0.003" /><testcase classname="tests.test_phase12_real_world_validation" name="test_quota_safe_mode_classifies_quota_exhaustion_as_external_block" time="0.001" /><testcase classname="tests.test_phase12_real_world_validation" name="test_external_quota_blocked_item_is_recorded_correctly" time="0.003" /><testcase classname="tests.test_phase12_real_world_validation" name="test_quota_safe_mode_does_not_hide_normal_hard_failures" time="0.000" /><testcase classname="tests.test_phase12_real_world_validation" name="test_phase13_reports_are_created_with_expected_counters" time="0.004" /><testcase classname="tests.test_phase12_real_world_validation" name="test_phase13_metrics_do_not_regress_phase12_counts" time="0.002" /><testcase classname="tests.test_phase12_real_world_validation" name="test_phase15_reports_are_created_with_expected_aggregate" time="0.004" /><testcase classname="tests.test_phase12_real_world_validation" name="test_phase15_aggregate_does_not_regress_phase12_counts" time="0.002" /><testcase classname="tests.test_phase12_real_world_validation" name="test_written_with_review_counts_as_written_not_queue" time="0.002" /><testcase classname="tests.test_phase17_metrics" name="test_run_record_computed_from_existing_artifacts_shape" time="0.001" /><testcase classname="tests.test_phase17_metrics" name="test_run_history_append_works" time="0.003" /><testcase classname="tests.test_phase17_metrics" name="test_dashboard_renders_without_error" time="0.334" /><testcase classname="tests.test_phase18_full_cycle" name="test_phase18_command_list_order" time="0.000" /><testcase classname="tests.test_phase18_full_cycle" name="test_report_writer_works" time="0.004" /><testcase classname="tests.test_phase18_full_cycle" name="test_failure_handling_returns_nonzero_and_stops" time="0.000" /><testcase classname="tests.test_phase18_full_cycle" name="test_no_pipeline_configuration_is_mutated" time="0.003" /><testcase classname="tests.test_phase18_full_cycle" name="test_successful_full_cycle_summary_remains_passing_with_phase21_observability" time="0.257" /><testcase classname="tests.test_phase18_full_cycle" name="test_full_cycle_summary_is_deterministic_with_phase25_metrics" time="0.425" /><testcase classname="tests.test_phase19_stability" name="test_comparator_works" time="0.004" /><testcase classname="tests.test_phase19_stability" name="test_tolerance_flags_trigger_correctly" time="0.004" /><testcase classname="tests.test_phase19_stability" name="test_stability_report_writer_and_no_pipeline_mutation" time="0.006" /><testcase classname="tests.test_phase21_observability" name="test_phase21_metrics_are_emitted_deterministically" time="0.005" /><testcase classname="tests.test_phase21_observability" name="test_phase21_route_counts_and_review_queue_counts_are_captured" time="0.004" /><testcase classname="tests.test_phase21_observability" name="test_phase21_quota_safe_blocks_are_counted_without_hard_failures" time="0.005" /><testcase classname="tests.test_phase21_observability" name="test_phase21_outputs_are_written" time="0.006" /><testcase classname="tests.test_phase22_confidence_calibration" name="test_confidence_band_assignment_is_deterministic" time="0.000" /><testcase classname="tests.test_phase22_confidence_calibration" name="test_high_confidence_does_not_enter_review" time="0.007" /><testcase classname="tests.test_phase22_confidence_calibration" name="test_review_band_confidence_enters_review_audit_path" time="0.008" /><testcase classname="tests.test_phase22_confidence_calibration" name="test_reject_band_confidence_is_not_written_as_accepted_output" time="0.006" /><testcase classname="tests.test_phase22_confidence_calibration" name="test_route_mismatch_affects_calibration_audit_visibility" time="0.008" /><testcase classname="tests.test_phase22_confidence_calibration" name="test_phase22_metrics_are_emitted_deterministically" time="0.003" /><testcase classname="tests.test_phase22_confidence_calibration" name="test_phase22_outputs_are_written" time="0.004" /><testcase classname="tests.test_phase23_routing_efficiency" name="test_cost_units_are_deterministic" time="0.000" /><testcase classname="tests.test_phase23_routing_efficiency" name="test_saved_cost_units_are_calculated" time="0.000" /><testcase classname="tests.test_phase23_routing_efficiency" name="test_route_mismatch_is_visible_not_hidden" time="0.003" /><testcase classname="tests.test_phase23_routing_efficiency" name="test_quota_safe_blocks_are_counted_separately_from_hard_failures" time="0.003" /><testcase classname="tests.test_phase23_routing_efficiency" name="test_review_band_document_remains_review_audit_visible" time="0.003" /><testcase classname="tests.test_phase23_routing_efficiency" name="test_quota_blocked_gemini_reroutes_future_noisy_documents_to_phi3" time="0.012" /><testcase classname="tests.test_phase23_routing_efficiency" name="test_long_noisy_03_preserves_phi3_review_path_after_gemini_fallback" time="0.011" /><testcase classname="tests.test_phase23_routing_efficiency" name="test_long_noisy_03_stays_on_phi3_review_path_even_if_gemini_is_available" time="0.008" /><testcase classname="tests.test_phase23_routing_efficiency" name="test_phase23_outputs_are_written" time="0.005" /><testcase classname="tests.test_phase23_routing_efficiency" name="test_phase23_metrics_normalize_missing_fallback_reasons" time="0.004" /><testcase classname="tests.test_phase24_semantic_enrichment" name="test_enrichment_does_not_change_confidence_values" time="0.007" /><testcase classname="tests.test_phase24_semantic_enrichment" name="test_enrichment_does_not_change_confidence_bands" time="0.007" /><testcase classname="tests.test_phase24_semantic_enrichment" name="test_enrichment_does_not_change_routing_decisions" time="0.009" /><testcase classname="tests.test_phase24_semantic_enrichment" name="test_enrichment_does_not_remove_review_band_items" time="0.008" /><testcase classname="tests.test_phase24_semantic_enrichment" name="test_enrichment_attaches_metadata_correctly" time="0.008" /><testcase classname="tests.test_phase24_semantic_enrichment" name="test_enrichment_is_deterministic_across_reruns" time="0.001" /><testcase classname="tests.test_phase24_semantic_enrichment" name="test_reject_band_outputs_are_not_enriched" time="0.007" /><testcase classname="tests.test_phase24_semantic_enrichment" name="test_phase24_outputs_are_written" time="0.005" /><testcase classname="tests.test_phase25_medical_coding" name="test_deterministic_synonym_mapping" time="0.000" /><testcase classname="tests.test_phase25_medical_coding" name="test_unmapped_entities_remain_unmapped_not_guessed" time="0.000" /><testcase classname="tests.test_phase25_medical_coding" name="test_ambiguous_mappings_are_not_auto_resolved" time="0.000" /><testcase classname="tests.test_phase25_medical_coding" name="test_coding_does_not_change_confidence_values" time="0.007" /><testcase classname="tests.test_phase25_medical_coding" name="test_coding_does_not_change_confidence_bands" time="0.006" /><testcase classname="tests.test_phase25_medical_coding" name="test_coding_does_not_change_routing_decisions" time="0.009" /><testcase classname="tests.test_phase25_medical_coding" name="test_coding_does_not_change_review_write_decisions" time="0.007" /><testcase classname="tests.test_phase25_medical_coding" name="test_rejected_outputs_are_not_coded" time="0.007" /><testcase classname="tests.test_phase25_medical_coding" name="test_phase25_outputs_are_written" time="0.006" /><testcase classname="tests.test_phase25_medical_coding" name="test_phase25_metrics_are_deterministic_across_reruns" time="0.001" /><testcase classname="tests.test_phase26_language_support" name="test_russian_cyrillic_detection_is_deterministic" time="0.000" /><testcase classname="tests.test_phase26_language_support" name="test_english_detection_is_deterministic" time="0.000" /><testcase classname="tests.test_phase26_language_support" name="test_mixed_language_detection_is_deterministic" time="0.000" /><testcase classname="tests.test_phase26_language_support" name="test_unknown_language_fallback_is_deterministic" time="0.000" /><testcase classname="tests.test_phase26_language_support" name="test_ocr_requirement_is_metadata_only" time="0.011" /><testcase classname="tests.test_phase26_language_support" name="test_translation_status_does_not_block_pipeline" time="0.008" /><testcase classname="tests.test_phase26_language_support" name="test_language_metadata_does_not_change_confidence_values" time="0.008" /><testcase classname="tests.test_phase26_language_support" name="test_language_metadata_does_not_change_confidence_bands" time="0.007" /><testcase classname="tests.test_phase26_language_support" name="test_language_metadata_does_not_change_routing_review_write_decisions" time="0.011" /><testcase classname="tests.test_phase26_language_support" name="test_language_metadata_does_not_remove_review_band_items" time="0.006" /><testcase classname="tests.test_phase26_language_support" name="test_phase25_medical_coding_output_structure_remains_valid" time="0.009" /><testcase classname="tests.test_phase26_language_support" name="test_phase26_metrics_are_deterministic_across_reruns" time="0.001" /><testcase classname="tests.test_phase26_language_support" name="test_phase26_outputs_are_written" time="0.059" /><testcase classname="tests.test_phase27_runtime_controls" name="test_second_concurrent_run_is_blocked" time="0.004" /><testcase classname="tests.test_phase27_runtime_controls" name="test_stale_lock_can_be_recovered_deterministically" time="0.005" /><testcase classname="tests.test_phase27_runtime_controls" name="test_external_quota_block_is_not_hard_failure" time="0.000" /><testcase classname="tests.test_phase27_runtime_controls" name="test_operator_review_required_is_not_hard_failure" time="0.000" /><testcase classname="tests.test_phase27_runtime_controls" name="test_timeout_is_classified_separately" time="0.000" /><testcase classname="tests.test_phase27_runtime_controls" name="test_cleanup_occurs_after_simulated_interrupted_run" time="0.007" /><testcase classname="tests.test_phase27_runtime_controls" name="test_document_failure_classification_counts_are_deterministic" time="0.001" /><testcase classname="tests.test_phase27_runtime_controls" name="test_phase27_outputs_are_written" time="0.005" /><testcase classname="tests.test_phase27_runtime_controls" name="test_phase27_metrics_preserve_phase26_aggregate_behavior" time="0.003" /><testcase classname="tests.test_phase28_production_mode" name="test_dry_run_does_not_target_canonical_outputs" time="0.001" /><testcase classname="tests.test_phase28_production_mode" name="test_controlled_mode_enforces_limit" time="0.000" /><testcase classname="tests.test_phase28_production_mode" name="test_live_mode_requires_all_gates_to_pass" time="0.027" /><testcase classname="tests.test_phase28_production_mode" name="test_run_is_blocked_if_snapshot_missing" time="0.016" /><testcase classname="tests.test_phase28_production_mode" name="test_run_is_blocked_if_lock_exists" time="0.009" /><testcase classname="tests.test_phase28_production_mode" name="test_run_is_blocked_if_nondeterminism_detected" time="0.008" /><testcase classname="tests.test_phase28_production_mode" name="test_review_queue_must_be_acknowledged_in_controlled_and_live_modes" time="0.008" /><testcase classname="tests.test_phase28_production_mode" name="test_phase27_baseline_behavior_unchanged_in_off_mode" time="0.007" /><testcase classname="tests.test_phase28_production_mode" name="test_phase28_outputs_are_written" time="0.006" /><testcase classname="tests.test_phase28_production_mode" name="test_reconciliation_preserves_observed_drift_visibility" time="0.005" /><testcase classname="tests.test_phase2_validation" name="test_valid_spacy_extraction_is_accepted" time="0.008" /><testcase classname="tests.test_phase2_validation" name="test_valid_gemini_extraction_is_accepted" time="0.009" /><testcase classname="tests.test_phase2_validation" name="test_missing_required_fields_are_rejected" time="0.009" /><testcase classname="tests.test_phase2_validation" name="test_low_confidence_routes_to_needs_review" time="0.009" /><testcase classname="tests.test_phase2_validation" name="test_gemini_fallback_uses_terminal_connector_for_validation_and_audit" time="0.009" /><testcase classname="tests.test_phase2_validation" name="test_malformed_extraction_payload_is_rejected" time="0.007" /><testcase classname="tests.test_phase2_validation" name="test_review_queue_and_metrics_capture_phase2_statuses" time="0.015" /><testcase classname="tests.test_phase2_validation" name="test_high_confidence_item_does_not_enter_review_queue" time="0.008" /><testcase classname="tests.test_spacy_extractor" name="test_spacy_extractor_filters_page_number_test_result" time="7.804" /><testcase classname="tests.test_spacy_extractor" name="test_spacy_extractor_keeps_real_numeric_test_result" time="7.728" /><testcase classname="tests.test_spacy_extractor" name="test_spacy_extractor_keeps_existing_medication_and_diagnosis_patterns" time="7.866" /><testcase classname="tests.test_truth_resolution_pipeline" name="test_identical_entities_merge_without_review" time="0.008" /><testcase classname="tests.test_truth_resolution_pipeline" name="test_conflicting_entities_replace_with_new_without_review" time="0.009" /><testcase classname="tests.test_truth_resolution_pipeline" name="test_keep_existing_conflict_does_not_enter_review" time="0.009" /><testcase classname="tests.test_truth_resolution_pipeline" name="test_quarantine_case_enters_review_queue" time="0.008" /></testsuite></testsuites>